0 info it worked if it ends with ok
1 verbose cli [ '/usr/bin/nodejs',
1 verbose cli   '/usr/bin/npm',
1 verbose cli   'install',
1 verbose cli   '-g',
1 verbose cli   'elm-oracle' ]
2 info using npm@3.5.2
3 info using node@v4.2.6
4 silly loadCurrentTree Starting
5 silly install loadCurrentTree
6 silly install readGlobalPackageData
7 silly fetchPackageMetaData elm-oracle
8 silly fetchNamedPackageData elm-oracle
9 silly mapToRegistry name elm-oracle
10 silly mapToRegistry using default registry
11 silly mapToRegistry registry https://registry.npmjs.org/
12 silly mapToRegistry uri https://registry.npmjs.org/elm-oracle
13 verbose request uri https://registry.npmjs.org/elm-oracle
14 verbose request no auth needed
15 info attempt registry request try #1 at 4:27:32 AM
16 verbose request id d7b69cb8f3eae46f
17 http request GET https://registry.npmjs.org/elm-oracle
18 http 200 https://registry.npmjs.org/elm-oracle
19 verbose headers { date: 'Mon, 04 Mar 2019 04:27:33 GMT',
19 verbose headers   'content-type': 'application/json; charset=UTF-8',
19 verbose headers   'transfer-encoding': 'chunked',
19 verbose headers   connection: 'keep-alive',
19 verbose headers   'set-cookie': [ '__cfduid=d9be50cd3f354ba77dcfa7169c87e7cec1551673652; expires=Tue, 03-Mar-20 04:27:32 GMT; path=/; domain=.registry.npmjs.org; HttpOnly' ],
19 verbose headers   'cf-cache-status': 'MISS',
19 verbose headers   'cache-control': 'max-age=300',
19 verbose headers   'cf-ray': '4b21192b1d68caae-YYZ',
19 verbose headers   etag: 'W/"f58e044c66a3e3c771739e7f094fe240"',
19 verbose headers   'expect-ct': 'max-age=604800, report-uri="https://report-uri.cloudflare.com/cdn-cgi/beacon/expect-ct"',
19 verbose headers   'last-modified': 'Sat, 26 May 2018 23:08:52 GMT',
19 verbose headers   vary: 'accept-encoding, accept',
19 verbose headers   server: 'cloudflare',
19 verbose headers   'content-encoding': 'gzip' }
20 silly get cb [ 200,
20 silly get   { date: 'Mon, 04 Mar 2019 04:27:33 GMT',
20 silly get     'content-type': 'application/json; charset=UTF-8',
20 silly get     'transfer-encoding': 'chunked',
20 silly get     connection: 'keep-alive',
20 silly get     'set-cookie': [ '__cfduid=d9be50cd3f354ba77dcfa7169c87e7cec1551673652; expires=Tue, 03-Mar-20 04:27:32 GMT; path=/; domain=.registry.npmjs.org; HttpOnly' ],
20 silly get     'cf-cache-status': 'MISS',
20 silly get     'cache-control': 'max-age=300',
20 silly get     'cf-ray': '4b21192b1d68caae-YYZ',
20 silly get     etag: 'W/"f58e044c66a3e3c771739e7f094fe240"',
20 silly get     'expect-ct': 'max-age=604800, report-uri="https://report-uri.cloudflare.com/cdn-cgi/beacon/expect-ct"',
20 silly get     'last-modified': 'Sat, 26 May 2018 23:08:52 GMT',
20 silly get     vary: 'accept-encoding, accept',
20 silly get     server: 'cloudflare',
20 silly get     'content-encoding': 'gzip' } ]
21 verbose get saving elm-oracle to /home/muw2/.npm/registry.npmjs.org/elm-oracle/.cache.json
22 silly install normalizeTree
23 silly loadCurrentTree Finishing
24 silly loadIdealTree Starting
25 silly install loadIdealTree
26 silly cloneCurrentTree Starting
27 silly install cloneCurrentTreeToIdealTree
28 silly cloneCurrentTree Finishing
29 silly loadShrinkwrap Starting
30 silly install loadShrinkwrap
31 silly loadShrinkwrap Finishing
32 silly loadAllDepsIntoIdealTree Starting
33 silly install loadAllDepsIntoIdealTree
34 silly resolveWithNewModule elm-oracle@1.1.1 checking installable status
35 silly cache add args [ 'elm-oracle', null ]
36 verbose cache add spec elm-oracle
37 silly cache add parsed spec Result {
37 silly cache add   raw: 'elm-oracle',
37 silly cache add   scope: null,
37 silly cache add   name: 'elm-oracle',
37 silly cache add   rawSpec: '',
37 silly cache add   spec: 'latest',
37 silly cache add   type: 'tag' }
38 silly addNamed elm-oracle@latest
39 verbose addNamed "latest" is being treated as a dist-tag for elm-oracle
40 info addNameTag [ 'elm-oracle', 'latest' ]
41 silly mapToRegistry name elm-oracle
42 silly mapToRegistry using default registry
43 silly mapToRegistry registry https://registry.npmjs.org/
44 silly mapToRegistry uri https://registry.npmjs.org/elm-oracle
45 verbose addNameTag registry:https://registry.npmjs.org/elm-oracle not in flight; fetching
46 verbose get https://registry.npmjs.org/elm-oracle not expired, no request
47 silly addNameTag next cb for elm-oracle with tag latest
48 silly addNamed elm-oracle@1.1.1
49 verbose addNamed "1.1.1" is a plain semver version for elm-oracle
50 silly mapToRegistry name elm-oracle
51 silly mapToRegistry using default registry
52 silly mapToRegistry registry https://registry.npmjs.org/
53 silly mapToRegistry uri https://registry.npmjs.org/elm-oracle
54 verbose addRemoteTarball https://registry.npmjs.org/elm-oracle/-/elm-oracle-1.1.1.tgz not in flight; adding
55 verbose addRemoteTarball [ 'https://registry.npmjs.org/elm-oracle/-/elm-oracle-1.1.1.tgz',
55 verbose addRemoteTarball   '61f6d783221b4ad08e7d101d678b9d5a67d3961c' ]
56 info retry fetch attempt 1 at 4:27:33 AM
57 info attempt registry request try #1 at 4:27:33 AM
58 http fetch GET https://registry.npmjs.org/elm-oracle/-/elm-oracle-1.1.1.tgz
59 http fetch 200 https://registry.npmjs.org/elm-oracle/-/elm-oracle-1.1.1.tgz
60 silly fetchAndShaCheck shasum 61f6d783221b4ad08e7d101d678b9d5a67d3961c
61 verbose addTmpTarball /tmp/npm-6719-1ca36061/registry.npmjs.org/elm-oracle/-/elm-oracle-1.1.1.tgz not in flight; adding
62 verbose addTmpTarball already have metadata; skipping unpack for elm-oracle@1.1.1
63 silly cache afterAdd elm-oracle@1.1.1
64 verbose afterAdd /home/muw2/.npm/elm-oracle/1.1.1/package/package.json not in flight; writing
65 verbose afterAdd /home/muw2/.npm/elm-oracle/1.1.1/package/package.json written
66 silly loadAllDepsIntoIdealTree Finishing
67 silly idealTree:prePrune lib
67 silly idealTree:prePrune └── elm-oracle@1.1.1
68 silly loadIdealTree Finishing
69 silly currentTree lib
70 silly idealTree lib
70 silly idealTree └── elm-oracle@1.1.1
71 silly generateActionsToTake Starting
72 silly install generateActionsToTake
73 warn checkPermissions Missing write access to /usr/local/lib/node_modules
74 silly rollbackFailedOptional Starting
75 silly rollbackFailedOptional Finishing
76 silly runTopLevelLifecycles Starting
77 silly runTopLevelLifecycles Finishing
78 silly install printInstalled
79 verbose stack Error: EACCES: permission denied, access '/usr/local/lib/node_modules'
79 verbose stack     at Error (native)
80 verbose cwd /home/muw2/CS1XA3/Lab06
81 error Linux 4.4.0-141-generic
82 error argv "/usr/bin/nodejs" "/usr/bin/npm" "install" "-g" "elm-oracle"
83 error node v4.2.6
84 error npm  v3.5.2
85 error path /usr/local/lib/node_modules
86 error code EACCES
87 error errno -13
88 error syscall access
89 error Error: EACCES: permission denied, access '/usr/local/lib/node_modules'
89 error     at Error (native)
89 error  { [Error: EACCES: permission denied, access '/usr/local/lib/node_modules']
89 error   errno: -13,
89 error   code: 'EACCES',
89 error   syscall: 'access',
89 error   path: '/usr/local/lib/node_modules' }
90 error Please try running this command again as root/Administrator.
91 verbose exit [ -13, true ]
